Watching for changes in /home/sankalp/Documents/projects/Blog/sankalpblog/{archetypes,assets,content,data,i18n,layouts,static,themes}
Watching for config changes in /home/sankalp/Documents/projects/Blog/sankalpblog/hugo.toml
Start building sites … 
hugo v0.152.2+extended linux/amd64 BuildDate=2025-12-14T00:00:00+00:00 VendorInfo=Fedora:0.152.2-1.fc43


                  │ EN 
──────────────────┼────
 Pages            │ 25 
 Paginator pages  │  0 
 Non-page files   │  1 
 Static files     │  2 
 Processed images │  0 
 Aliases          │  6 
 Cleaned          │  0 

Built in 23 ms
Environment: "development"
Serving pages from disk
Running in Fast Render Mode. For full rebuilds on change: hugo server --disableFastRender
Web Server is available at http://localhost:1313/ (bind address 127.0.0.1) 
Press Ctrl+C to stop

Change detected, rebuilding site (#1).
2026-04-15 01:30:27.649 +0530
Source changed /projects/eulerfold.md
Web Server is available at http://localhost:1313/ (bind address 127.0.0.1)
Total in 19 ms

Change detected, rebuilding site (#2).
2026-04-15 01:31:13.149 +0530
Template changed /projects/list.html
Source changed /projects/_index.md.bak
Source changed /projects/_index.md
Web Server is available at http://localhost:1313/ (bind address 127.0.0.1)
Total in 36 ms

Change detected, rebuilding site (#3).
2026-04-15 01:31:53.649 +0530
Source changed /projects/eulerfold.md
Web Server is available at http://localhost:1313/ (bind address 127.0.0.1)
Total in 19 ms

Change detected, rebuilding site (#4).
2026-04-15 01:35:00.648 +0530
Template changed /partials/head.html
Web Server is available at http://localhost:1313/ (bind address 127.0.0.1)
Total in 12 ms

Change detected, rebuilding site (#5).
2026-04-15 01:35:04.149 +0530
Template changed /partials/head.html
Web Server is available at http://localhost:1313/ (bind address 127.0.0.1)
Total in 17 ms

Change detected, rebuilding site (#6).
2026-04-15 01:39:43.649 +0530
Source changed /projects/eulerfold.md
Web Server is available at http://localhost:1313/ (bind address 127.0.0.1)
Total in 20 ms

Change detected, rebuilding site (#7).
2026-04-15 01:41:46.149 +0530
Source changed /projects/eulerfold.md
Web Server is available at http://localhost:1313/ (bind address 127.0.0.1)
Total in 6 ms

Change of config file detected, rebuilding site (#8).
2026-04-15 01:43:36.149 +0530
Web Server is available at http://localhost:1313/ (bind address 127.0.0.1)
Rebuilt in 65 ms

Change detected, rebuilding site (#9).
2026-04-15 01:43:40.148 +0530
Template changed /partials/post_meta.html
Web Server is available at http://localhost:1313/ (bind address 127.0.0.1)
Total in 16 ms

Change detected, rebuilding site (#10).
2026-04-15 01:43:43.149 +0530
Asset changed /css/extended/custom.css
Web Server is available at http://localhost:1313/ (bind address 127.0.0.1)
Total in 19 ms

Change detected, rebuilding site (#11).
2026-04-15 01:45:09.649 +0530
Template changed /partials/post_meta.html
Web Server is available at http://localhost:1313/ (bind address 127.0.0.1)
Total in 26 ms

Change detected, rebuilding site (#12).
2026-04-15 01:45:14.149 +0530
Asset changed /css/extended/custom.css
Web Server is available at http://localhost:1313/ (bind address 127.0.0.1)
Total in 20 ms

Change detected, rebuilding site (#13).
2026-04-15 01:46:49.150 +0530
Template changed /partials/post_meta.html
Web Server is available at http://localhost:1313/ (bind address 127.0.0.1)
Total in 15 ms

Change detected, rebuilding site (#14).
2026-04-15 01:47:12.148 +0530
Asset changed /css/extended/custom.css
Web Server is available at http://localhost:1313/ (bind address 127.0.0.1)
Total in 16 ms
